\BOOKMARK [1][-]{section.1}{\376\377\133\232\171\357\122\006}{}% 1
\BOOKMARK [2][-]{subsubsection.1.0.1}{\376\377\116\000\121\103\133\232\171\357\122\006}{section.1}% 2
\BOOKMARK [3][-]{subsubsection.1.0.2}{\376\377\116\000\121\103\133\232\171\357\122\006\377\014\176\331\133\232\123\302\145\160}{subsubsection.1.0.1}% 3
\BOOKMARK [3][-]{subsubsection.1.0.3}{\376\377\116\214\121\103\221\315\171\357\122\006}{subsubsection.1.0.1}% 4
\BOOKMARK [3][-]{subsubsection.1.0.4}{\376\377\217\233\146\156\150\356\154\325\213\241\173\227\171\357\122\006}{subsubsection.1.0.1}% 5
\BOOKMARK [1][-]{section.2}{\376\377\147\000\117\030\123\026}{}% 6
\BOOKMARK [2][-]{subsubsection.2.0.1}{\376\377\131\032\121\103\121\375\145\160\145\340\176\246\147\137\166\204\147\000\117\030\123\026\225\356\230\230}{section.2}% 7
\BOOKMARK [3][-]{subsubsection.2.0.2}{\376\377\131\032\121\103\121\375\145\160\147\011\176\246\147\137\166\204\147\000\117\030\123\026\225\356\230\230}{subsubsection.2.0.1}% 8
\BOOKMARK [3][-]{subsubsection.2.0.3}{\376\377\136\046\176\246\147\137\166\204\147\000\134\017\116\214\116\130\117\030\123\026\225\356\230\230}{subsubsection.2.0.1}% 9
\BOOKMARK [3][-]{subsubsection.2.0.4}{\376\377\116\000\121\103\121\375\145\160\145\340\176\246\147\137\147\000\117\030\123\026\225\356\230\230}{subsubsection.2.0.1}% 10
\BOOKMARK [3][-]{subsubsection.2.0.5}{\376\377\116\000\121\103\121\375\145\160\147\011\165\114\176\246\147\137\147\000\117\030\123\026\225\356\230\230}{subsubsection.2.0.1}% 11
\BOOKMARK [3][-]{subsubsection.2.0.6}{\376\377\116\000\121\103\121\375\145\160\154\102\150\071}{subsubsection.2.0.1}% 12
\BOOKMARK [3][-]{subsubsection.2.0.7}{\376\377\176\277\140\047\211\304\122\022}{subsubsection.2.0.1}% 13
\BOOKMARK [1][-]{section.3}{\376\377\143\322\120\074}{}% 14
\BOOKMARK [2][-]{subsubsection.3.0.1}{\376\377\122\006\153\265\176\277\140\047\143\322\120\074}{section.3}% 15
\BOOKMARK [3][-]{subsubsection.3.0.2}{\376\377\116\011\153\041\150\067\147\141\143\322\120\074}{subsubsection.3.0.1}% 16
\BOOKMARK [3][-]{subsubsection.3.0.3}{\376\377\123\125\214\003\143\322\120\074}{subsubsection.3.0.1}% 17
\BOOKMARK [3][-]{subsubsection.3.0.4}{\376\377\000B\150\067\147\141\143\322\120\074}{subsubsection.3.0.1}% 18
\BOOKMARK [3][-]{subsubsection.3.0.5}{\376\377\150\067\147\141\136\163\156\321\143\322\120\074}{subsubsection.3.0.1}% 19
\BOOKMARK [1][-]{section.4}{\376\377\167\351\226\065\213\241\173\227}{}% 20
\BOOKMARK [2][-]{subsubsection.4.0.1}{\376\377\167\351\226\065\166\204\127\372\147\054\144\315\117\134}{section.4}% 21
\BOOKMARK [3][-]{subsubsection.4.0.2}{\376\377\167\351\226\065\154\102\220\006}{subsubsection.4.0.1}% 22
\BOOKMARK [3][-]{subsubsection.4.0.3}{\376\377\154\102\176\277\140\047\145\271\172\013\176\304}{subsubsection.4.0.1}% 23
\BOOKMARK [3][-]{subsubsection.4.0.4}{\376\377\145\271\226\065\210\114\122\027\137\017}{subsubsection.4.0.1}% 24
\BOOKMARK [3][-]{subsubsection.4.0.5}{\376\377\167\351\226\065\203\003\145\160}{subsubsection.4.0.1}% 25
\BOOKMARK [3][-]{subsubsection.4.0.6}{\376\377\167\351\226\065\162\171\137\201\122\006\211\343\377\010\162\171\137\201\120\074\124\214\162\171\137\201\124\021\221\317\377\011}{subsubsection.4.0.1}% 26
\BOOKMARK [3][-]{subsubsection.4.0.7}{\376\377\167\351\226\065\131\107\137\002\120\074\122\006\211\343}{subsubsection.4.0.1}% 27
